[${project.name}][${env:SERVER_PORT}] 2022-10-03 19:00:00,198 WARN [com.alibaba.nacos.naming.beat.sender][HttpClient.java:95] - failed to request http://10.128.3.38:8848/nacos/v1/ns/instance/beat?beat=%7B%22ip%22%3A%2210.128.3.38%22%2C%22metadata%22%3A%7B%22side%22%3A%22consumer%22%2C%22lazy%22%3A%22false%22%2C%22methods%22%3A%22modifyBundle%2CgetTenantByAccount%2CgetAccountByUsername%2CcreateBundle%2CinitBundle%2Clogin%2CisExistAccountByUsername%2CgetBundle%2CunbindTenant%2CremoveTenant%2CqueryTenants%2CqueryBundleByTenantType%2CgetAccountByMobile%2CqueryAccount%2CgetApplicationDTOByClientId%2CchangeBundle%2CisExistAccountInTenantByUsername%2CcreateAccountInTenant%2Cauthentication%2CqueryAccountRole%2CqueryAccountInTenant%2CisExistAccountByMobile%2CsendMessage%2CcreateTenantRelateAccount%2CqueryAllBundle%2CcreateAccount%2CgetTenant%2CqueryAdministratorByPage%2CisExistAccountInTenantByMobile%2CcreateTenantAndAccount%2CaccountPassword%2CbindTenant%22%2C%22release%22%3A%222.7.3%22%2C%22qos.port%22%3A%2222240%22%2C%22dubbo%22%3A%222.0.2%22%2C%22pid%22%3A%2221544%22%2C%22check%22%3A%22false%22%2C%22interface%22%3A%22com.shanjupay.user.api.TenantService%22%2C%22qos.enable%22%3A%22false%22%2C%22timeout%22%3A%2290000%22%2C%22retries%22%3A%22-1%22%2C%22path%22%3A%22com.shanjupay.user.api.TenantService%22%2C%22protocol%22%3A%22consumer%22%2C%22application%22%3A%22merchant-service%22%2C%22sticky%22%3A%22false%22%2C%22category%22%3A%22consumers%22%2C%22timestamp%22%3A%221664593415716%22%7D%2C%22period%22%3A5000%2C%22port%22%3A0%2C%22scheduled%22%3Afalse%2C%22serviceName%22%3A%22DEFAULT_GROUP%40%40consumers%3Acom.shanjupay.user.api.TenantService%3A%3A%22%2C%22stopped%22%3Afalse%2C%22weight%22%3A1.0%7D&serviceName=DEFAULT_GROUP%40%40consumers%3Acom.shanjupay.user.api.TenantService%3A%3A&encoding=UTF-8&namespaceId=public from 10.128.3.38
[${project.name}][${env:SERVER_PORT}] 2022-10-03 19:00:00,198 ERROR [com.alibaba.nacos.naming.beat.sender][HttpClient.java:103] - [NA] failed to request 
java.net.SocketTimeoutException: connect timed out
	at java.net.DualStackPlainSocketImpl.waitForConnect(Native Method)
	at java.net.DualStackPlainSocketImpl.socketConnect(DualStackPlainSocketImpl.java:85)
	at java.net.AbstractPlainSocketImpl.doConnect(AbstractPlainSocketImpl.java:350)
	at java.net.AbstractPlainSocketImpl.connectToAddress(AbstractPlainSocketImpl.java:206)
	at java.net.AbstractPlainSocketImpl.connect(AbstractPlainSocketImpl.java:188)
	at java.net.PlainSocketImpl.connect(PlainSocketImpl.java:172)
	at java.net.SocksSocketImpl.connect(SocksSocketImpl.java:392)
	at java.net.Socket.connect(Socket.java:607)
	at sun.net.NetworkClient.doConnect(NetworkClient.java:175)
	at sun.net.www.http.HttpClient.openServer(HttpClient.java:463)
	at sun.net.www.http.HttpClient.openServer(HttpClient.java:558)
	at sun.net.www.http.HttpClient.<init>(HttpClient.java:242)
	at sun.net.www.http.HttpClient.New(HttpClient.java:339)
	at sun.net.www.http.HttpClient.New(HttpClient.java:357)
	at sun.net.www.protocol.http.HttpURLConnection.getNewHttpClient(HttpURLConnection.java:1228)
	at sun.net.www.protocol.http.HttpURLConnection.plainConnect0(HttpURLConnection.java:1162)
	at sun.net.www.protocol.http.HttpURLConnection.plainConnect(HttpURLConnection.java:1056)
	at sun.net.www.protocol.http.HttpURLConnection.connect(HttpURLConnection.java:990)
	at sun.net.www.protocol.http.HttpURLConnection.getOutputStream0(HttpURLConnection.java:1342)
	at sun.net.www.protocol.http.HttpURLConnection.getOutputStream(HttpURLConnection.java:1317)
	at com.alibaba.nacos.client.naming.net.HttpClient.request(HttpClient.java:85)
	at com.alibaba.nacos.client.naming.net.NamingProxy.callServer(NamingProxy.java:410)
	at com.alibaba.nacos.client.naming.net.NamingProxy.reqAPI(NamingProxy.java:451)
	at com.alibaba.nacos.client.naming.net.NamingProxy.reqAPI(NamingProxy.java:386)
	at com.alibaba.nacos.client.naming.net.NamingProxy.sendBeat(NamingProxy.java:309)
	at com.alibaba.nacos.client.naming.beat.BeatReactor$BeatTask.run(BeatReactor.java:92)
	at java.util.concurrent.Executors$RunnableAdapter.call(Executors.java:511)
	at java.util.concurrent.FutureTask.run(FutureTask.java:266)
	at java.util.concurrent.ScheduledThreadPoolExecutor$ScheduledFutureTask.access$201(ScheduledThreadPoolExecutor.java:180)
	at java.util.concurrent.ScheduledThreadPoolExecutor$ScheduledFutureTask.run(ScheduledThreadPoolExecutor.java:293)
	at java.util.concurrent.ThreadPoolExecutor.runWorker(ThreadPoolExecutor.java:1149)
	at java.util.concurrent.ThreadPoolExecutor$Worker.run(ThreadPoolExecutor.java:624)
	at java.lang.Thread.run(Thread.java:750)
[${project.name}][${env:SERVER_PORT}] 2022-10-03 19:00:00,198 ERROR [com.alibaba.nacos.naming.beat.sender][NamingProxy.java:454] - request 10.128.3.38:8848 failed.
ErrCode:500, ErrMsg:failed to req API:10.128.3.38:8848/nacos/v1/ns/instance/beat. code:500 msg: java.net.SocketTimeoutException: connect timed out
	at com.alibaba.nacos.client.naming.net.NamingProxy.callServer(NamingProxy.java:424)
	at com.alibaba.nacos.client.naming.net.NamingProxy.reqAPI(NamingProxy.java:451)
	at com.alibaba.nacos.client.naming.net.NamingProxy.reqAPI(NamingProxy.java:386)
	at com.alibaba.nacos.client.naming.net.NamingProxy.sendBeat(NamingProxy.java:309)
	at com.alibaba.nacos.client.naming.beat.BeatReactor$BeatTask.run(BeatReactor.java:92)
	at java.util.concurrent.Executors$RunnableAdapter.call(Executors.java:511)
	at java.util.concurrent.FutureTask.run(FutureTask.java:266)
	at java.util.concurrent.ScheduledThreadPoolExecutor$ScheduledFutureTask.access$201(ScheduledThreadPoolExecutor.java:180)
	at java.util.concurrent.ScheduledThreadPoolExecutor$ScheduledFutureTask.run(ScheduledThreadPoolExecutor.java:293)
	at java.util.concurrent.ThreadPoolExecutor.runWorker(ThreadPoolExecutor.java:1149)
	at java.util.concurrent.ThreadPoolExecutor$Worker.run(ThreadPoolExecutor.java:624)
	at java.lang.Thread.run(Thread.java:750)
[${project.name}][${env:SERVER_PORT}] 2022-10-03 19:00:00,199 ERROR [com.alibaba.nacos.naming.beat.sender][NamingProxy.java:316] - [CLIENT-BEAT] failed to send beat: {"ip":"10.128.3.38","metadata":{"side":"consumer","lazy":"false","methods":"modifyBundle,getTenantByAccount,getAccountByUsername,createBundle,initBundle,login,isExistAccountByUsername,getBundle,unbindTenant,removeTenant,queryTenants,queryBundleByTenantType,getAccountByMobile,queryAccount,getApplicationDTOByClientId,changeBundle,isExistAccountInTenantByUsername,createAccountInTenant,authentication,queryAccountRole,queryAccountInTenant,isExistAccountByMobile,sendMessage,createTenantRelateAccount,queryAllBundle,createAccount,getTenant,queryAdministratorByPage,isExistAccountInTenantByMobile,createTenantAndAccount,accountPassword,bindTenant","release":"2.7.3","qos.port":"22240","dubbo":"2.0.2","pid":"21544","check":"false","interface":"com.shanjupay.user.api.TenantService","qos.enable":"false","timeout":"90000","retries":"-1","path":"com.shanjupay.user.api.TenantService","protocol":"consumer","application":"merchant-service","sticky":"false","category":"consumers","timestamp":"1664593415716"},"period":5000,"port":0,"scheduled":false,"serviceName":"DEFAULT_GROUP@@consumers:com.shanjupay.user.api.TenantService::","stopped":false,"weight":1.0}
java.lang.IllegalStateException: failed to req API:/nacos/v1/ns/instance/beat after all servers([10.128.3.38:8848]) tried: failed to req API:10.128.3.38:8848/nacos/v1/ns/instance/beat. code:500 msg: java.net.SocketTimeoutException: connect timed out
	at com.alibaba.nacos.client.naming.net.NamingProxy.reqAPI(NamingProxy.java:464)
	at com.alibaba.nacos.client.naming.net.NamingProxy.reqAPI(NamingProxy.java:386)
	at com.alibaba.nacos.client.naming.net.NamingProxy.sendBeat(NamingProxy.java:309)
	at com.alibaba.nacos.client.naming.beat.BeatReactor$BeatTask.run(BeatReactor.java:92)
	at java.util.concurrent.Executors$RunnableAdapter.call(Executors.java:511)
	at java.util.concurrent.FutureTask.run(FutureTask.java:266)
	at java.util.concurrent.ScheduledThreadPoolExecutor$ScheduledFutureTask.access$201(ScheduledThreadPoolExecutor.java:180)
	at java.util.concurrent.ScheduledThreadPoolExecutor$ScheduledFutureTask.run(ScheduledThreadPoolExecutor.java:293)
	at java.util.concurrent.ThreadPoolExecutor.runWorker(ThreadPoolExecutor.java:1149)
	at java.util.concurrent.ThreadPoolExecutor$Worker.run(ThreadPoolExecutor.java:624)
	at java.lang.Thread.run(Thread.java:750)
[${project.name}][${env:SERVER_PORT}] 2022-10-03 19:00:00,356 WARN [com.alibaba.nacos.client.naming.updater][HttpClient.java:95] - failed to request http://10.128.3.38:8848/nacos/v1/ns/instance/list?healthyOnly=false&namespaceId=public&clientIP=10.128.3.38&serviceName=DEFAULT_GROUP%40%40providers%3Acom.shanjupay.user.api.TenantService%3A%3A&udpPort=54311&encoding=UTF-8 from 10.128.3.38
[${project.name}][${env:SERVER_PORT}] 2022-10-03 19:00:00,356 ERROR [com.alibaba.nacos.client.naming.updater][HttpClient.java:103] - [NA] failed to request 
java.net.SocketTimeoutException: connect timed out
	at java.net.DualStackPlainSocketImpl.waitForConnect(Native Method)
	at java.net.DualStackPlainSocketImpl.socketConnect(DualStackPlainSocketImpl.java:85)
	at java.net.AbstractPlainSocketImpl.doConnect(AbstractPlainSocketImpl.java:350)
	at java.net.AbstractPlainSocketImpl.connectToAddress(AbstractPlainSocketImpl.java:206)
	at java.net.AbstractPlainSocketImpl.connect(AbstractPlainSocketImpl.java:188)
	at java.net.PlainSocketImpl.connect(PlainSocketImpl.java:172)
	at java.net.SocksSocketImpl.connect(SocksSocketImpl.java:392)
	at java.net.Socket.connect(Socket.java:607)
	at sun.net.NetworkClient.doConnect(NetworkClient.java:175)
	at sun.net.www.http.HttpClient.openServer(HttpClient.java:463)
	at sun.net.www.http.HttpClient.openServer(HttpClient.java:558)
	at sun.net.www.http.HttpClient.<init>(HttpClient.java:242)
	at sun.net.www.http.HttpClient.New(HttpClient.java:339)
	at sun.net.www.http.HttpClient.New(HttpClient.java:357)
	at sun.net.www.protocol.http.HttpURLConnection.getNewHttpClient(HttpURLConnection.java:1228)
	at sun.net.www.protocol.http.HttpURLConnection.plainConnect0(HttpURLConnection.java:1162)
	at sun.net.www.protocol.http.HttpURLConnection.plainConnect(HttpURLConnection.java:1056)
	at sun.net.www.protocol.http.HttpURLConnection.connect(HttpURLConnection.java:990)
	at com.alibaba.nacos.client.naming.net.HttpClient.request(HttpClient.java:89)
	at com.alibaba.nacos.client.naming.net.NamingProxy.callServer(NamingProxy.java:410)
	at com.alibaba.nacos.client.naming.net.NamingProxy.reqAPI(NamingProxy.java:451)
	at com.alibaba.nacos.client.naming.net.NamingProxy.reqAPI(NamingProxy.java:386)
	at com.alibaba.nacos.client.naming.net.NamingProxy.queryList(NamingProxy.java:297)
	at com.alibaba.nacos.client.naming.core.HostReactor.updateServiceNow(HostReactor.java:270)
	at com.alibaba.nacos.client.naming.core.HostReactor$UpdateTask.run(HostReactor.java:315)
	at java.util.concurrent.Executors$RunnableAdapter.call(Executors.java:511)
	at java.util.concurrent.FutureTask.run(FutureTask.java:266)
	at java.util.concurrent.ScheduledThreadPoolExecutor$ScheduledFutureTask.access$201(ScheduledThreadPoolExecutor.java:180)
	at java.util.concurrent.ScheduledThreadPoolExecutor$ScheduledFutureTask.run(ScheduledThreadPoolExecutor.java:293)
	at java.util.concurrent.ThreadPoolExecutor.runWorker(ThreadPoolExecutor.java:1149)
	at java.util.concurrent.ThreadPoolExecutor$Worker.run(ThreadPoolExecutor.java:624)
	at java.lang.Thread.run(Thread.java:750)
[${project.name}][${env:SERVER_PORT}] 2022-10-03 19:00:00,356 ERROR [com.alibaba.nacos.client.naming.updater][NamingProxy.java:454] - request 10.128.3.38:8848 failed.
ErrCode:500, ErrMsg:failed to req API:10.128.3.38:8848/nacos/v1/ns/instance/list. code:500 msg: java.net.SocketTimeoutException: connect timed out
	at com.alibaba.nacos.client.naming.net.NamingProxy.callServer(NamingProxy.java:424)
	at com.alibaba.nacos.client.naming.net.NamingProxy.reqAPI(NamingProxy.java:451)
	at com.alibaba.nacos.client.naming.net.NamingProxy.reqAPI(NamingProxy.java:386)
	at com.alibaba.nacos.client.naming.net.NamingProxy.queryList(NamingProxy.java:297)
	at com.alibaba.nacos.client.naming.core.HostReactor.updateServiceNow(HostReactor.java:270)
	at com.alibaba.nacos.client.naming.core.HostReactor$UpdateTask.run(HostReactor.java:315)
	at java.util.concurrent.Executors$RunnableAdapter.call(Executors.java:511)
	at java.util.concurrent.FutureTask.run(FutureTask.java:266)
	at java.util.concurrent.ScheduledThreadPoolExecutor$ScheduledFutureTask.access$201(ScheduledThreadPoolExecutor.java:180)
	at java.util.concurrent.ScheduledThreadPoolExecutor$ScheduledFutureTask.run(ScheduledThreadPoolExecutor.java:293)
	at java.util.concurrent.ThreadPoolExecutor.runWorker(ThreadPoolExecutor.java:1149)
	at java.util.concurrent.ThreadPoolExecutor$Worker.run(ThreadPoolExecutor.java:624)
	at java.lang.Thread.run(Thread.java:750)
[${project.name}][${env:SERVER_PORT}] 2022-10-03 19:00:00,356 ERROR [com.alibaba.nacos.client.naming.updater][HostReactor.java:275] - [NA] failed to update serviceName: DEFAULT_GROUP@@providers:com.shanjupay.user.api.TenantService::
java.lang.IllegalStateException: failed to req API:/nacos/v1/ns/instance/list after all servers([10.128.3.38:8848]) tried: failed to req API:10.128.3.38:8848/nacos/v1/ns/instance/list. code:500 msg: java.net.SocketTimeoutException: connect timed out
	at com.alibaba.nacos.client.naming.net.NamingProxy.reqAPI(NamingProxy.java:464)
	at com.alibaba.nacos.client.naming.net.NamingProxy.reqAPI(NamingProxy.java:386)
	at com.alibaba.nacos.client.naming.net.NamingProxy.queryList(NamingProxy.java:297)
	at com.alibaba.nacos.client.naming.core.HostReactor.updateServiceNow(HostReactor.java:270)
	at com.alibaba.nacos.client.naming.core.HostReactor$UpdateTask.run(HostReactor.java:315)
	at java.util.concurrent.Executors$RunnableAdapter.call(Executors.java:511)
	at java.util.concurrent.FutureTask.run(FutureTask.java:266)
	at java.util.concurrent.ScheduledThreadPoolExecutor$ScheduledFutureTask.access$201(ScheduledThreadPoolExecutor.java:180)
	at java.util.concurrent.ScheduledThreadPoolExecutor$ScheduledFutureTask.run(ScheduledThreadPoolExecutor.java:293)
	at java.util.concurrent.ThreadPoolExecutor.runWorker(ThreadPoolExecutor.java:1149)
	at java.util.concurrent.ThreadPoolExecutor$Worker.run(ThreadPoolExecutor.java:624)
	at java.lang.Thread.run(Thread.java:750)
[${project.name}][${env:SERVER_PORT}] 2022-10-03 19:00:02,502 ERROR [com.alibaba.nacos.client.Worker.longPolling.fixed-10.128.3.38_8848-46dd0e2b-91a2-4a4a-b8a8-8e71ac069bf6][ServerHttpAgent.java:151] - [NACOS SocketTimeoutException httpPost] currentServerAddr: http://10.128.3.38:8848， err : connect timed out
